INFO  08:08:47 Application started. Press Ctrl+C to shut down.
INFO  08:08:47 Application started. Press Ctrl+C to shut down.
INFO  08:08:47 Hosting environment: Development
INFO  08:08:47 Hosting environment: Development
INFO  08:08:47 Content root path: C:\Users\sairo\source\repos\VendorMicroService
INFO  08:08:47 Content root path: C:\Users\sairo\source\repos\VendorMicroService
INFO  08:09:30  Http GET in controller is accesed
INFO  08:09:30 method execution in controller completed
INFO  08:09:30 tagged vendor for product with id 1isPuma
INFO  11:23:17 Application started. Press Ctrl+C to shut down.
INFO  11:23:17 Application started. Press Ctrl+C to shut down.
INFO  11:23:17 Hosting environment: Development
INFO  11:23:17 Hosting environment: Development
INFO  11:23:17 Content root path: C:\Users\sairo\source\repos\VendorMicroService
INFO  11:23:17 Content root path: C:\Users\sairo\source\repos\VendorMicroService
INFO  11:23:31  Http GET in controller is accesed
INFO  11:23:31  Http GET in controller is accesed
INFO  11:23:31 method execution in controller completed
INFO  11:23:31 available vendors for product with id 1 is System.Collections.Generic.List`1[VendorMicroService.Models.Vendor]
INFO  11:23:42  Http GET in controller is accesed
INFO  11:23:42  Http GET in controller is accesed
INFO  11:23:42 method execution in controller completed
INFO  11:23:42 available vendors for product with id 6 is System.Collections.Generic.List`1[VendorMicroService.Models.Vendor]
INFO  11:27:53 Application started. Press Ctrl+C to shut down.
INFO  11:27:53 Application started. Press Ctrl+C to shut down.
INFO  11:27:53 Hosting environment: Development
INFO  11:27:53 Hosting environment: Development
INFO  11:27:53 Content root path: C:\Users\sairo\source\repos\VendorMicroService
INFO  11:27:53 Content root path: C:\Users\sairo\source\repos\VendorMicroService
INFO  11:28:07  Http GET in controller is accesed
INFO  11:28:07  Http GET in provider is accesed
INFO  11:28:07 method execution in controller completed
INFO  11:28:07 available vendors for product with id 1 is System.Collections.Generic.List`1[VendorMicroService.Models.Vendor]
INFO  11:28:13  Http GET in controller is accesed
INFO  11:28:13  Http GET in provider is accesed
INFO  11:28:13 method execution in controller completed
INFO  11:28:13 available vendors for product with id 5 is System.Collections.Generic.List`1[VendorMicroService.Models.Vendor]
INFO  11:28:46 Application started. Press Ctrl+C to shut down.
INFO  11:28:46 Application started. Press Ctrl+C to shut down.
INFO  11:28:46 Hosting environment: Development
INFO  11:28:46 Hosting environment: Development
INFO  11:28:46 Content root path: C:\Users\sairo\source\repos\VendorMicroService
INFO  11:28:46 Content root path: C:\Users\sairo\source\repos\VendorMicroService
INFO  11:28:55  Http GET in controller is accesed
INFO  11:28:55  Http GET in provider is accesed
INFO  11:28:55 method execution in controller completed
INFO  11:28:55 available vendors for product with id 4 is System.Collections.Generic.List`1[VendorMicroService.Models.Vendor]
INFO  11:32:14 Application started. Press Ctrl+C to shut down.
INFO  11:32:14 Application started. Press Ctrl+C to shut down.
INFO  11:32:14 Hosting environment: Development
INFO  11:32:14 Hosting environment: Development
INFO  11:32:14 Content root path: C:\Users\sairo\source\repos\VendorMicroService
INFO  11:32:14 Content root path: C:\Users\sairo\source\repos\VendorMicroService
INFO  11:32:24  Http GET in controller is accesed
INFO  11:32:24  Http GET in provider is accesed
INFO  11:32:24 method execution in controller completed
INFO  11:32:24 available vendors for product with id 4 is System.Collections.Generic.List`1[VendorMicroService.Models.Vendor]
INFO  11:32:41  Http GET in controller is accesed
INFO  11:32:41  Http GET in provider is accesed
INFO  11:32:41 method execution in controller completed
INFO  11:32:41 available vendors for product with id 6 is System.Collections.Generic.List`1[VendorMicroService.Models.Vendor]
INFO  12:42:19 Application started. Press Ctrl+C to shut down.
INFO  12:42:19 Application started. Press Ctrl+C to shut down.
INFO  12:42:19 Hosting environment: Development
INFO  12:42:19 Hosting environment: Development
INFO  12:42:19 Content root path: C:\Users\sairo\source\repos\VendorMicroService
INFO  12:42:19 Content root path: C:\Users\sairo\source\repos\VendorMicroService
INFO  12:42:32  Http GET in controller is accesed
INFO  12:42:32  Http GET in provider is accesed
INFO  12:42:32 method execution in controller completed
INFO  12:42:32 available vendors for product with id 1 is System.Collections.Generic.List`1[VendorMicroService.Models.Vendor]
INFO  12:42:44 Application started. Press Ctrl+C to shut down.
INFO  12:42:44 Application started. Press Ctrl+C to shut down.
INFO  12:42:44 Hosting environment: Development
INFO  12:42:44 Hosting environment: Development
INFO  12:42:44 Content root path: C:\Users\sairo\source\repos\VendorMicroService
INFO  12:42:44 Content root path: C:\Users\sairo\source\repos\VendorMicroService
INFO  12:42:59  Http GET in controller is accesed
INFO  12:42:59  Http GET in provider is accesed
INFO  12:42:59 method execution in controller completed
INFO  12:42:59 available vendors for product with id 6 is System.Collections.Generic.List`1[VendorMicroService.Models.Vendor]
INFO  10:52:06 Application started. Press Ctrl+C to shut down.
INFO  10:52:06 Application started. Press Ctrl+C to shut down.
INFO  10:52:06 Hosting environment: Development
INFO  10:52:06 Hosting environment: Development
INFO  10:52:06 Content root path: C:\Users\sairo\source\repos\VendorMicroService
INFO  10:52:06 Content root path: C:\Users\sairo\source\repos\VendorMicroService
INFO  10:52:22  Http GET in controller is accesed
INFO  10:52:22  Http GET in provider is accesed
INFO  10:52:22 method execution in controller completed
INFO  10:52:22 available vendors for product with id 1 is System.Collections.Generic.List`1[VendorMicroService.Models.VendorDto]
INFO  10:52:33  Http GET in controller is accesed
INFO  10:52:33  Http GET in provider is accesed
INFO  10:52:33 method execution in controller completed
INFO  10:52:33 available vendors for product with id 4 is System.Collections.Generic.List`1[VendorMicroService.Models.VendorDto]
INFO  11:06:09 Application started. Press Ctrl+C to shut down.
INFO  11:06:09 Application started. Press Ctrl+C to shut down.
INFO  11:06:09 Hosting environment: Development
INFO  11:06:09 Hosting environment: Development
INFO  11:06:09 Content root path: C:\Users\sairo\source\repos\VendorMicroService
INFO  11:06:09 Content root path: C:\Users\sairo\source\repos\VendorMicroService
INFO  11:17:46 Application started. Press Ctrl+C to shut down.
INFO  11:17:46 Application started. Press Ctrl+C to shut down.
INFO  11:17:46 Hosting environment: Development
INFO  11:17:46 Hosting environment: Development
INFO  11:17:46 Content root path: C:\Users\sairo\source\repos\VendorMicroService
INFO  11:17:46 Content root path: C:\Users\sairo\source\repos\VendorMicroService
INFO  11:44:39 Application started. Press Ctrl+C to shut down.
INFO  11:44:39 Application started. Press Ctrl+C to shut down.
INFO  11:44:39 Hosting environment: Development
INFO  11:44:39 Hosting environment: Development
INFO  11:44:39 Content root path: C:\Users\sairo\source\repos\VendorMicroService
INFO  11:44:39 Content root path: C:\Users\sairo\source\repos\VendorMicroService
INFO  11:45:06  Http GET in controller is accesed
INFO  11:45:06  Http GET in provider is accesed
INFO  11:45:06 method execution in controller completed
INFO  11:45:06 available vendors for product with id 1 is System.Collections.Generic.List`1[VendorMicroService.Models.VendorDto]
INFO  11:51:54  Http GET in controller is accesed
INFO  11:51:54  Http GET in provider is accesed
INFO  11:51:54 method execution in controller completed
INFO  11:51:54 available vendors for product with id 1 is System.Collections.Generic.List`1[VendorMicroService.Models.VendorDto]
INFO  11:55:11  Http GET in controller is accesed
INFO  11:55:11  Http GET in provider is accesed
INFO  11:55:11 method execution in controller completed
INFO  11:55:11 available vendors for product with id 1 is System.Collections.Generic.List`1[VendorMicroService.Models.VendorDto]
INFO  12:04:08  Http GET in controller is accesed
INFO  12:04:08  Http GET in provider is accesed
INFO  12:04:08 method execution in controller completed
INFO  12:04:08 available vendors for product with id 1 is System.Collections.Generic.List`1[VendorMicroService.Models.VendorDto]
INFO  12:10:11  Http GET in controller is accesed
INFO  12:10:11  Http GET in provider is accesed
INFO  12:10:11 method execution in controller completed
INFO  12:10:11 available vendors for product with id 1 is System.Collections.Generic.List`1[VendorMicroService.Models.VendorDto]
INFO  12:29:11 Application started. Press Ctrl+C to shut down.
INFO  12:29:12 Application started. Press Ctrl+C to shut down.
INFO  12:29:12 Hosting environment: Development
INFO  12:29:12 Hosting environment: Development
INFO  12:29:12 Content root path: C:\Users\sairo\source\repos\VendorMicroService
INFO  12:29:12 Content root path: C:\Users\sairo\source\repos\VendorMicroService
INFO  12:29:38  Http GET in controller is accesed
INFO  12:29:38  Http GET in provider is accesed
INFO  12:29:38 method execution in controller completed
INFO  12:29:38 available vendors for product with id 1 is System.Collections.Generic.List`1[VendorMicroService.Models.VendorDto]
INFO  12:53:54 Application started. Press Ctrl+C to shut down.
INFO  12:53:54 Application started. Press Ctrl+C to shut down.
INFO  12:53:54 Hosting environment: Development
INFO  12:53:54 Hosting environment: Development
INFO  12:53:54 Content root path: C:\Users\sairo\source\repos\VendorMicroService
INFO  12:53:54 Content root path: C:\Users\sairo\source\repos\VendorMicroService
INFO  12:56:13  Http GET in controller is accesed
INFO  12:56:13  Http GET in provider is accesed
INFO  12:56:13 method execution in controller completed
INFO  12:56:13 available vendors for product with id 1 is System.Collections.Generic.List`1[VendorMicroService.Models.VendorDto]
INFO  02:14:04 Application started. Press Ctrl+C to shut down.
INFO  02:14:04 Application started. Press Ctrl+C to shut down.
INFO  02:14:04 Hosting environment: Development
INFO  02:14:04 Hosting environment: Development
INFO  02:14:04 Content root path: C:\Users\sairo\source\repos\VendorMicroService
INFO  02:14:04 Content root path: C:\Users\sairo\source\repos\VendorMicroService
INFO  02:16:21  Http GET in controller is accesed
INFO  02:16:21  Http GET in provider is accesed
INFO  02:16:21 method execution in controller completed
INFO  02:16:21 available vendors for product with id 6 is System.Collections.Generic.List`1[VendorMicroService.Models.VendorDto]
INFO  03:09:41 Application started. Press Ctrl+C to shut down.
INFO  03:09:41 Application started. Press Ctrl+C to shut down.
INFO  03:09:41 Hosting environment: Development
INFO  03:09:41 Hosting environment: Development
INFO  03:09:41 Content root path: C:\Users\sairo\source\repos\VendorMicroService
INFO  03:09:41 Content root path: C:\Users\sairo\source\repos\VendorMicroService
INFO  06:50:32 Application started. Press Ctrl+C to shut down.
INFO  06:50:32 Application started. Press Ctrl+C to shut down.
INFO  06:50:32 Hosting environment: Development
INFO  06:50:32 Hosting environment: Development
INFO  06:50:32 Content root path: C:\Users\sairo\source\repos\VendorMicroService
INFO  06:50:32 Content root path: C:\Users\sairo\source\repos\VendorMicroService
INFO  06:50:46  Http GET in controller is accesed
INFO  06:50:46  Http GET in provider is accesed
INFO  06:50:46 method execution in controller completed
INFO  06:50:46 available vendors for product with id 1 is System.Collections.Generic.List`1[VendorMicroService.Models.VendorDto]
INFO  06:50:52  Http GET in controller is accesed
INFO  06:50:52  Http GET in provider is accesed
INFO  06:50:52 method execution in controller completed
INFO  06:50:52 available vendors for product with id 5 is System.Collections.Generic.List`1[VendorMicroService.Models.VendorDto]
INFO  06:50:58  Http GET in controller is accesed
INFO  06:50:58  Http GET in provider is accesed
INFO  06:50:58 method execution in controller completed
INFO  06:50:58 available vendors for product with id 4 is System.Collections.Generic.List`1[VendorMicroService.Models.VendorDto]
INFO  06:53:49  Http GET in controller is accesed
INFO  06:53:49  Http GET in provider is accesed
INFO  06:53:49 method execution in controller completed
INFO  06:53:49 available vendors for product with id 1 is System.Collections.Generic.List`1[VendorMicroService.Models.VendorDto]
INFO  08:46:56 Application started. Press Ctrl+C to shut down.
INFO  08:46:56 Application started. Press Ctrl+C to shut down.
INFO  08:46:56 Hosting environment: Development
INFO  08:46:56 Hosting environment: Development
INFO  08:46:56 Content root path: C:\Users\sairo\source\repos\VendorMicroService
INFO  08:46:56 Content root path: C:\Users\sairo\source\repos\VendorMicroService
INFO  08:47:13  Http GET in controller is accesed
INFO  08:47:13  Http GET in provider is accesed
INFO  08:52:45 Application started. Press Ctrl+C to shut down.
INFO  08:52:45 Application started. Press Ctrl+C to shut down.
INFO  08:52:45 Hosting environment: Development
INFO  08:52:45 Hosting environment: Development
INFO  08:52:45 Content root path: C:\Users\sairo\source\repos\VendorMicroService
INFO  08:52:45 Content root path: C:\Users\sairo\source\repos\VendorMicroService
INFO  08:53:01  Http GET in controller is accesed
INFO  08:53:01  Http GET in provider is accesed
INFO  09:05:55 Application started. Press Ctrl+C to shut down.
INFO  09:05:55 Application started. Press Ctrl+C to shut down.
INFO  09:05:55 Hosting environment: Development
INFO  09:05:55 Hosting environment: Development
INFO  09:05:55 Content root path: C:\Users\sairo\source\repos\VendorMicroService
INFO  09:05:55 Content root path: C:\Users\sairo\source\repos\VendorMicroService
INFO  09:06:04  Http GET in controller is accesed
INFO  09:06:04  Http GET in provider is accesed
INFO  09:07:48 Application started. Press Ctrl+C to shut down.
INFO  09:07:48 Application started. Press Ctrl+C to shut down.
INFO  09:07:48 Hosting environment: Development
INFO  09:07:48 Hosting environment: Development
INFO  09:07:48 Content root path: C:\Users\sairo\source\repos\VendorMicroService
INFO  09:07:48 Content root path: C:\Users\sairo\source\repos\VendorMicroService
INFO  09:07:56  Http GET in controller is accesed
INFO  09:07:56  Http GET in provider is accesed
INFO  09:07:56 method execution in controller completed
INFO  09:07:56 available vendors for product with id 1 is System.Collections.Generic.List`1[VendorMicroService.Models.VendorDto]
INFO  09:08:19 Application started. Press Ctrl+C to shut down.
INFO  09:08:19 Application started. Press Ctrl+C to shut down.
INFO  09:08:19 Hosting environment: Development
INFO  09:08:19 Hosting environment: Development
INFO  09:08:19 Content root path: C:\Users\sairo\source\repos\VendorMicroService
INFO  09:08:19 Content root path: C:\Users\sairo\source\repos\VendorMicroService
INFO  09:08:27  Http GET in controller is accesed
INFO  09:08:27  Http GET in provider is accesed
INFO  09:08:27 method execution in controller completed
INFO  09:08:27 available vendors for product with id 1 is System.Collections.Generic.List`1[VendorMicroService.Models.VendorDto]
